<?xml version="1.0" encoding="UTF-8"?>
<testsuite xmlns:xsi="http://www.w3.org/2001/XMLSchema-instance" xsi:noNamespaceSchemaLocation="https://maven.apache.org/surefire/maven-surefire-plugin/xsd/surefire-test-report.xsd" name="com.servicediscovery.ServiceDiscoveryApplicationTests" time="74.412" tests="1" errors="0" skipped="0" failures="0">
  <properties>
    <property name="java.specification.version" value="17"/>
    <property name="sun.cpu.isalist" value="amd64"/>
    <property name="sun.jnu.encoding" value="Cp1252"/>
    <property name="java.class.path" value="C:\Users\Guido.Debandi\Desktop\Cisne\service-discovery\target\test-classes;C:\Users\Guido.Debandi\Desktop\Cisne\service-discovery\target\classes;C:\Users\Guido.Debandi\.m2\repository\de\codecentric\spring-boot-admin-starter-client\2.4.1\spring-boot-admin-starter-client-2.4.1.jar;C:\Users\Guido.Debandi\.m2\repository\de\codecentric\spring-boot-admin-client\2.4.1\spring-boot-admin-client-2.4.1.jar;C:\Users\Guido.Debandi\.m2\repository\org\springframework\boot\spring-boot-starter-actuator\2.5.12\spring-boot-starter-actuator-2.5.12.jar;C:\Users\Guido.Debandi\.m2\repository\org\springframework\boot\spring-boot-actuator-autoconfigure\2.5.12\spring-boot-actuator-autoconfigure-2.5.12.jar;C:\Users\Guido.Debandi\.m2\repository\org\springframework\boot\spring-boot-actuator\2.5.12\spring-boot-actuator-2.5.12.jar;C:\Users\Guido.Debandi\.m2\repository\org\springframework\boot\spring-boot-starter-web\2.5.12\spring-boot-starter-web-2.5.12.jar;C:\Users\Guido.Debandi\.m2\repository\org\springframework\boot\spring-boot-starter\2.5.12\spring-boot-starter-2.5.12.jar;C:\Users\Guido.Debandi\.m2\repository\org\springframework\boot\spring-boot\2.5.12\spring-boot-2.5.12.jar;C:\Users\Guido.Debandi\.m2\repository\org\springframework\boot\spring-boot-autoconfigure\2.5.12\spring-boot-autoconfigure-2.5.12.jar;C:\Users\Guido.Debandi\.m2\repository\org\springframework\boot\spring-boot-starter-logging\2.5.12\spring-boot-starter-logging-2.5.12.jar;C:\Users\Guido.Debandi\.m2\repository\ch\qos\logback\logback-classic\1.2.11\logback-classic-1.2.11.jar;C:\Users\Guido.Debandi\.m2\repository\ch\qos\logback\logback-core\1.2.11\logback-core-1.2.11.jar;C:\Users\Guido.Debandi\.m2\repository\org\apache\logging\log4j\log4j-to-slf4j\2.17.2\log4j-to-slf4j-2.17.2.jar;C:\Users\Guido.Debandi\.m2\repository\org\apache\logging\log4j\log4j-api\2.17.2\log4j-api-2.17.2.jar;C:\Users\Guido.Debandi\.m2\repository\org\slf4j\jul-to-slf4j\1.7.36\jul-to-slf4j-1.7.36.jar;C:\Users\Guido.Debandi\.m2\repository\jakarta\annotation\jakarta.annotation-api\1.3.5\jakarta.annotation-api-1.3.5.jar;C:\Users\Guido.Debandi\.m2\repository\org\yaml\snakeyaml\1.28\snakeyaml-1.28.jar;C:\Users\Guido.Debandi\.m2\repository\org\springframework\boot\spring-boot-starter-json\2.5.12\spring-boot-starter-json-2.5.12.jar;C:\Users\Guido.Debandi\.m2\repository\com\fasterxml\jackson\core\jackson-databind\2.12.6.1\jackson-databind-2.12.6.1.jar;C:\Users\Guido.Debandi\.m2\repository\com\fasterxml\jackson\core\jackson-annotations\2.12.6\jackson-annotations-2.12.6.jar;C:\Users\Guido.Debandi\.m2\repository\com\fasterxml\jackson\core\jackson-core\2.12.6\jackson-core-2.12.6.jar;C:\Users\Guido.Debandi\.m2\repository\com\fasterxml\jackson\datatype\jackson-datatype-jdk8\2.12.6\jackson-datatype-jdk8-2.12.6.jar;C:\Users\Guido.Debandi\.m2\repository\com\fasterxml\jackson\datatype\jackson-datatype-jsr310\2.12.6\jackson-datatype-jsr310-2.12.6.jar;C:\Users\Guido.Debandi\.m2\repository\com\fasterxml\jackson\module\jackson-module-parameter-names\2.12.6\jackson-module-parameter-names-2.12.6.jar;C:\Users\Guido.Debandi\.m2\repository\org\springframework\boot\spring-boot-starter-tomcat\2.5.12\spring-boot-starter-tomcat-2.5.12.jar;C:\Users\Guido.Debandi\.m2\repository\org\apache\tomcat\embed\tomcat-embed-core\9.0.60\tomcat-embed-core-9.0.60.jar;C:\Users\Guido.Debandi\.m2\repository\org\apache\tomcat\embed\tomcat-embed-el\9.0.60\tomcat-embed-el-9.0.60.jar;C:\Users\Guido.Debandi\.m2\repository\org\apache\tomcat\embed\tomcat-embed-websocket\9.0.60\tomcat-embed-websocket-9.0.60.jar;C:\Users\Guido.Debandi\.m2\repository\org\springframework\spring-web\5.3.18\spring-web-5.3.18.jar;C:\Users\Guido.Debandi\.m2\repository\org\springframework\spring-beans\5.3.18\spring-beans-5.3.18.jar;C:\Users\Guido.Debandi\.m2\repository\org\springframework\spring-webmvc\5.3.18\spring-webmvc-5.3.18.jar;C:\Users\Guido.Debandi\.m2\repository\org\springframework\spring-aop\5.3.18\spring-aop-5.3.18.jar;C:\Users\Guido.Debandi\.m2\repository\org\springframework\spring-context\5.3.18\spring-context-5.3.18.jar;C:\Users\Guido.Debandi\.m2\repository\org\springframework\spring-expression\5.3.18\spring-expression-5.3.18.jar;C:\Users\Guido.Debandi\.m2\repository\org\springframework\cloud\spring-cloud-starter-netflix-eureka-server\3.0.5\spring-cloud-starter-netflix-eureka-server-3.0.5.jar;C:\Users\Guido.Debandi\.m2\repository\org\springframework\cloud\spring-cloud-starter\3.0.5\spring-cloud-starter-3.0.5.jar;C:\Users\Guido.Debandi\.m2\repository\org\springframework\cloud\spring-cloud-context\3.0.5\spring-cloud-context-3.0.5.jar;C:\Users\Guido.Debandi\.m2\repository\org\springframework\security\spring-security-crypto\5.5.5\spring-security-crypto-5.5.5.jar;C:\Users\Guido.Debandi\.m2\repository\org\springframework\cloud\spring-cloud-commons\3.0.5\spring-cloud-commons-3.0.5.jar;C:\Users\Guido.Debandi\.m2\repository\org\springframework\security\spring-security-rsa\1.0.10.RELEASE\spring-security-rsa-1.0.10.RELEASE.jar;C:\Users\Guido.Debandi\.m2\repository\org\bouncycastle\bcpkix-jdk15on\1.68\bcpkix-jdk15on-1.68.jar;C:\Users\Guido.Debandi\.m2\repository\org\bouncycastle\bcprov-jdk15on\1.68\bcprov-jdk15on-1.68.jar;C:\Users\Guido.Debandi\.m2\repository\org\springframework\cloud\spring-cloud-netflix-eureka-server\3.0.5\spring-cloud-netflix-eureka-server-3.0.5.jar;C:\Users\Guido.Debandi\.m2\repository\org\springframework\boot\spring-boot-starter-freemarker\2.5.12\spring-boot-starter-freemarker-2.5.12.jar;C:\Users\Guido.Debandi\.m2\repository\org\freemarker\freemarker\2.3.31\freemarker-2.3.31.jar;C:\Users\Guido.Debandi\.m2\repository\org\springframework\spring-context-support\5.3.18\spring-context-support-5.3.18.jar;C:\Users\Guido.Debandi\.m2\repository\org\springframework\cloud\spring-cloud-netflix-eureka-client\3.0.5\spring-cloud-netflix-eureka-client-3.0.5.jar;C:\Users\Guido.Debandi\.m2\repository\com\netflix\eureka\eureka-client\1.10.17\eureka-client-1.10.17.jar;C:\Users\Guido.Debandi\.m2\repository\com\netflix\netflix-commons\netflix-eventbus\0.3.0\netflix-eventbus-0.3.0.jar;C:\Users\Guido.Debandi\.m2\repository\com\netflix\netflix-commons\netflix-infix\0.3.0\netflix-infix-0.3.0.jar;C:\Users\Guido.Debandi\.m2\repository\commons-jxpath\commons-jxpath\1.3\commons-jxpath-1.3.jar;C:\Users\Guido.Debandi\.m2\repository\joda-time\joda-time\2.3\joda-time-2.3.jar;C:\Users\Guido.Debandi\.m2\repository\org\antlr\antlr-runtime\3.4\antlr-runtime-3.4.jar;C:\Users\Guido.Debandi\.m2\repository\org\antlr\stringtemplate\3.2.1\stringtemplate-3.2.1.jar;C:\Users\Guido.Debandi\.m2\repository\antlr\antlr\2.7.7\antlr-2.7.7.jar;C:\Users\Guido.Debandi\.m2\repository\com\google\code\gson\gson\2.8.9\gson-2.8.9.jar;C:\Users\Guido.Debandi\.m2\repository\org\apache\commons\commons-math\2.2\commons-math-2.2.jar;C:\Users\Guido.Debandi\.m2\repository\com\thoughtworks\xstream\xstream\1.4.18\xstream-1.4.18.jar;C:\Users\Guido.Debandi\.m2\repository\io\github\x-stream\mxparser\1.2.2\mxparser-1.2.2.jar;C:\Users\Guido.Debandi\.m2\repository\xmlpull\xmlpull\1.1.3.1\xmlpull-1.1.3.1.jar;C:\Users\Guido.Debandi\.m2\repository\javax\ws\rs\jsr311-api\1.1.1\jsr311-api-1.1.1.jar;C:\Users\Guido.Debandi\.m2\repository\com\netflix\servo\servo-core\0.12.21\servo-core-0.12.21.jar;C:\Users\Guido.Debandi\.m2\repository\com\google\guava\guava\19.0\guava-19.0.jar;C:\Users\Guido.Debandi\.m2\repository\com\sun\jersey\jersey-core\1.19.1\jersey-core-1.19.1.jar;C:\Users\Guido.Debandi\.m2\repository\com\sun\jersey\contribs\jersey-apache-client4\1.19.1\jersey-apache-client4-1.19.1.jar;C:\Users\Guido.Debandi\.m2\repository\org\apache\httpcomponents\httpclient\4.5.13\httpclient-4.5.13.jar;C:\Users\Guido.Debandi\.m2\repository\org\apache\httpcomponents\httpcore\4.4.15\httpcore-4.4.15.jar;C:\Users\Guido.Debandi\.m2\repository\commons-codec\commons-codec\1.15\commons-codec-1.15.jar;C:\Users\Guido.Debandi\.m2\repository\commons-configuration\commons-configuration\1.10\commons-configuration-1.10.jar;C:\Users\Guido.Debandi\.m2\repository\commons-lang\commons-lang\2.6\commons-lang-2.6.jar;C:\Users\Guido.Debandi\.m2\repository\com\google\inject\guice\4.1.0\guice-4.1.0.jar;C:\Users\Guido.Debandi\.m2\repository\aopalliance\aopalliance\1.0\aopalliance-1.0.jar;C:\Users\Guido.Debandi\.m2\repository\org\codehaus\jettison\jettison\1.4.0\jettison-1.4.0.jar;C:\Users\Guido.Debandi\.m2\repository\com\sun\jersey\jersey-servlet\1.19.4\jersey-servlet-1.19.4.jar;C:\Users\Guido.Debandi\.m2\repository\com\sun\jersey\jersey-server\1.19.4\jersey-server-1.19.4.jar;C:\Users\Guido.Debandi\.m2\repository\com\sun\jersey\jersey-client\1.19.4\jersey-client-1.19.4.jar;C:\Users\Guido.Debandi\.m2\repository\com\netflix\eureka\eureka-core\1.10.17\eureka-core-1.10.17.jar;C:\Users\Guido.Debandi\.m2\repository\com\fasterxml\woodstox\woodstox-core\6.2.1\woodstox-core-6.2.1.jar;C:\Users\Guido.Debandi\.m2\repository\javax\inject\javax.inject\1\javax.inject-1.jar;C:\Users\Guido.Debandi\.m2\repository\com\fasterxml\jackson\dataformat\jackson-dataformat-xml\2.12.6\jackson-dataformat-xml-2.12.6.jar;C:\Users\Guido.Debandi\.m2\repository\com\fasterxml\jackson\module\jackson-module-jaxb-annotations\2.12.6\jackson-module-jaxb-annotations-2.12.6.jar;C:\Users\Guido.Debandi\.m2\repository\org\codehaus\woodstox\stax2-api\4.2.1\stax2-api-4.2.1.jar;C:\Users\Guido.Debandi\.m2\repository\org\springframework\cloud\spring-cloud-starter-loadbalancer\3.0.5\spring-cloud-starter-loadbalancer-3.0.5.jar;C:\Users\Guido.Debandi\.m2\repository\org\springframework\cloud\spring-cloud-loadbalancer\3.0.5\spring-cloud-loadbalancer-3.0.5.jar;C:\Users\Guido.Debandi\.m2\repository\io\projectreactor\reactor-core\3.4.16\reactor-core-3.4.16.jar;C:\Users\Guido.Debandi\.m2\repository\org\reactivestreams\reactive-streams\1.0.3\reactive-streams-1.0.3.jar;C:\Users\Guido.Debandi\.m2\repository\io\projectreactor\addons\reactor-extra\3.4.7\reactor-extra-3.4.7.jar;C:\Users\Guido.Debandi\.m2\repository\org\springframework\boot\spring-boot-starter-cache\2.5.12\spring-boot-starter-cache-2.5.12.jar;C:\Users\Guido.Debandi\.m2\repository\com\stoyanr\evictor\1.0.0\evictor-1.0.0.jar;C:\Users\Guido.Debandi\.m2\repository\org\glassfish\jaxb\jaxb-runtime\2.3.6\jaxb-runtime-2.3.6.jar;C:\Users\Guido.Debandi\.m2\repository\org\glassfish\jaxb\txw2\2.3.6\txw2-2.3.6.jar;C:\Users\Guido.Debandi\.m2\repository\com\sun\istack\istack-commons-runtime\3.0.12\istack-commons-runtime-3.0.12.jar;C:\Users\Guido.Debandi\.m2\repository\com\sun\activation\jakarta.activation\1.2.2\jakarta.activation-1.2.2.jar;C:\Users\Guido.Debandi\.m2\repository\org\springframework\cloud\spring-cloud-starter-task\2.3.5\spring-cloud-starter-task-2.3.5.jar;C:\Users\Guido.Debandi\.m2\repository\org\springframework\cloud\spring-cloud-task-core\2.3.5\spring-cloud-task-core-2.3.5.jar;C:\Users\Guido.Debandi\.m2\repository\org\springframework\cloud\spring-cloud-deployer-autoconfigure\2.5.2\spring-cloud-deployer-autoconfigure-2.5.2.jar;C:\Users\Guido.Debandi\.m2\repository\org\springframework\cloud\spring-cloud-deployer-resource-support\2.5.2\spring-cloud-deployer-resource-support-2.5.2.jar;C:\Users\Guido.Debandi\.m2\repository\org\springframework\spring-jdbc\5.3.18\spring-jdbc-5.3.18.jar;C:\Users\Guido.Debandi\.m2\repository\org\springframework\spring-tx\5.3.18\spring-tx-5.3.18.jar;C:\Users\Guido.Debandi\.m2\repository\org\springframework\batch\spring-batch-infrastructure\4.3.5\spring-batch-infrastructure-4.3.5.jar;C:\Users\Guido.Debandi\.m2\repository\org\springframework\retry\spring-retry\1.3.2\spring-retry-1.3.2.jar;C:\Users\Guido.Debandi\.m2\repository\org\springframework\data\spring-data-commons\2.5.10\spring-data-commons-2.5.10.jar;C:\Users\Guido.Debandi\.m2\repository\io\micrometer\micrometer-core\1.7.10\micrometer-core-1.7.10.jar;C:\Users\Guido.Debandi\.m2\repository\org\hdrhistogram\HdrHistogram\2.1.12\HdrHistogram-2.1.12.jar;C:\Users\Guido.Debandi\.m2\repository\org\latencyutils\LatencyUtils\2.0.3\LatencyUtils-2.0.3.jar;C:\Users\Guido.Debandi\.m2\repository\org\springframework\cloud\spring-cloud-task-batch\2.3.5\spring-cloud-task-batch-2.3.5.jar;C:\Users\Guido.Debandi\.m2\repository\org\springframework\cloud\spring-cloud-task-stream\2.3.5\spring-cloud-task-stream-2.3.5.jar;C:\Users\Guido.Debandi\.m2\repository\org\springframework\cloud\spring-cloud-deployer-spi\2.5.2\spring-cloud-deployer-spi-2.5.2.jar;C:\Users\Guido.Debandi\.m2\repository\org\springframework\boot\spring-boot-starter-test\2.5.12\spring-boot-starter-test-2.5.12.jar;C:\Users\Guido.Debandi\.m2\repository\org\springframework\boot\spring-boot-test\2.5.12\spring-boot-test-2.5.12.jar;C:\Users\Guido.Debandi\.m2\repository\org\springframework\boot\spring-boot-test-autoconfigure\2.5.12\spring-boot-test-autoconfigure-2.5.12.jar;C:\Users\Guido.Debandi\.m2\repository\com\jayway\jsonpath\json-path\2.5.0\json-path-2.5.0.jar;C:\Users\Guido.Debandi\.m2\repository\net\minidev\json-smart\2.4.8\json-smart-2.4.8.jar;C:\Users\Guido.Debandi\.m2\repository\net\minidev\accessors-smart\2.4.8\accessors-smart-2.4.8.jar;C:\Users\Guido.Debandi\.m2\repository\org\ow2\asm\asm\9.1\asm-9.1.jar;C:\Users\Guido.Debandi\.m2\repository\org\slf4j\slf4j-api\1.7.36\slf4j-api-1.7.36.jar;C:\Users\Guido.Debandi\.m2\repository\jakarta\xml\bind\jakarta.xml.bind-api\2.3.3\jakarta.xml.bind-api-2.3.3.jar;C:\Users\Guido.Debandi\.m2\repository\jakarta\activation\jakarta.activation-api\1.2.2\jakarta.activation-api-1.2.2.jar;C:\Users\Guido.Debandi\.m2\repository\org\assertj\assertj-core\3.19.0\assertj-core-3.19.0.jar;C:\Users\Guido.Debandi\.m2\repository\org\hamcrest\hamcrest\2.2\hamcrest-2.2.jar;C:\Users\Guido.Debandi\.m2\repository\org\junit\jupiter\junit-jupiter\5.7.2\junit-jupiter-5.7.2.jar;C:\Users\Guido.Debandi\.m2\repository\org\junit\jupiter\junit-jupiter-api\5.7.2\junit-jupiter-api-5.7.2.jar;C:\Users\Guido.Debandi\.m2\repository\org\apiguardian\apiguardian-api\1.1.0\apiguardian-api-1.1.0.jar;C:\Users\Guido.Debandi\.m2\repository\org\opentest4j\opentest4j\1.2.0\opentest4j-1.2.0.jar;C:\Users\Guido.Debandi\.m2\repository\org\junit\platform\junit-platform-commons\1.7.2\junit-platform-commons-1.7.2.jar;C:\Users\Guido.Debandi\.m2\repository\org\junit\jupiter\junit-jupiter-params\5.7.2\junit-jupiter-params-5.7.2.jar;C:\Users\Guido.Debandi\.m2\repository\org\junit\jupiter\junit-jupiter-engine\5.7.2\junit-jupiter-engine-5.7.2.jar;C:\Users\Guido.Debandi\.m2\repository\org\junit\platform\junit-platform-engine\1.7.2\junit-platform-engine-1.7.2.jar;C:\Users\Guido.Debandi\.m2\repository\org\mockito\mockito-core\3.9.0\mockito-core-3.9.0.jar;C:\Users\Guido.Debandi\.m2\repository\net\bytebuddy\byte-buddy\1.10.22\byte-buddy-1.10.22.jar;C:\Users\Guido.Debandi\.m2\repository\net\bytebuddy\byte-buddy-agent\1.10.22\byte-buddy-agent-1.10.22.jar;C:\Users\Guido.Debandi\.m2\repository\org\objenesis\objenesis\3.2\objenesis-3.2.jar;C:\Users\Guido.Debandi\.m2\repository\org\mockito\mockito-junit-jupiter\3.9.0\mockito-junit-jupiter-3.9.0.jar;C:\Users\Guido.Debandi\.m2\repository\org\skyscreamer\jsonassert\1.5.0\jsonassert-1.5.0.jar;C:\Users\Guido.Debandi\.m2\repository\com\vaadin\external\google\android-json\0.0.20131108.vaadin1\android-json-0.0.20131108.vaadin1.jar;C:\Users\Guido.Debandi\.m2\repository\org\springframework\spring-core\5.3.18\spring-core-5.3.18.jar;C:\Users\Guido.Debandi\.m2\repository\org\springframework\spring-jcl\5.3.18\spring-jcl-5.3.18.jar;C:\Users\Guido.Debandi\.m2\repository\org\springframework\spring-test\5.3.18\spring-test-5.3.18.jar;C:\Users\Guido.Debandi\.m2\repository\org\xmlunit\xmlunit-core\2.8.4\xmlunit-core-2.8.4.jar;"/>
    <property name="java.vm.vendor" value="Eclipse Adoptium"/>
    <property name="sun.arch.data.model" value="64"/>
    <property name="user.variant" value=""/>
    <property name="java.vendor.url" value="https://adoptium.net/"/>
    <property name="user.timezone" value="America/Buenos_Aires"/>
    <property name="user.country.format" value="AR"/>
    <property name="os.name" value="Windows 10"/>
    <property name="java.vm.specification.version" value="17"/>
    <property name="sun.java.launcher" value="SUN_STANDARD"/>
    <property name="user.country" value="US"/>
    <property name="sun.boot.library.path" value="C:\Talent Engine\app\sts-4.13.0.RELEASE\plugins\org.eclipse.justj.openjdk.hotspot.jre.full.win32.x86_64_17.0.1.v20211116-1657\jre\bin"/>
    <property name="sun.java.command" value="C:\Users\GUIDO~1.DEB\AppData\Local\Temp\surefire15899292976492091091\surefirebooter8397620158264095171.jar C:\Users\Guido.Debandi\AppData\Local\Temp\surefire15899292976492091091 2022-04-29T12-23-35_982-jvmRun1 surefire3479000439275032579tmp surefire_0116640037392222560tmp"/>
    <property name="jdk.debug" value="release"/>
    <property name="surefire.test.class.path" value="C:\Users\Guido.Debandi\Desktop\Cisne\service-discovery\target\test-classes;C:\Users\Guido.Debandi\Desktop\Cisne\service-discovery\target\classes;C:\Users\Guido.Debandi\.m2\repository\de\codecentric\spring-boot-admin-starter-client\2.4.1\spring-boot-admin-starter-client-2.4.1.jar;C:\Users\Guido.Debandi\.m2\repository\de\codecentric\spring-boot-admin-client\2.4.1\spring-boot-admin-client-2.4.1.jar;C:\Users\Guido.Debandi\.m2\repository\org\springframework\boot\spring-boot-starter-actuator\2.5.12\spring-boot-starter-actuator-2.5.12.jar;C:\Users\Guido.Debandi\.m2\repository\org\springframework\boot\spring-boot-actuator-autoconfigure\2.5.12\spring-boot-actuator-autoconfigure-2.5.12.jar;C:\Users\Guido.Debandi\.m2\repository\org\springframework\boot\spring-boot-actuator\2.5.12\spring-boot-actuator-2.5.12.jar;C:\Users\Guido.Debandi\.m2\repository\org\springframework\boot\spring-boot-starter-web\2.5.12\spring-boot-starter-web-2.5.12.jar;C:\Users\Guido.Debandi\.m2\repository\org\springframework\boot\spring-boot-starter\2.5.12\spring-boot-starter-2.5.12.jar;C:\Users\Guido.Debandi\.m2\repository\org\springframework\boot\spring-boot\2.5.12\spring-boot-2.5.12.jar;C:\Users\Guido.Debandi\.m2\repository\org\springframework\boot\spring-boot-autoconfigure\2.5.12\spring-boot-autoconfigure-2.5.12.jar;C:\Users\Guido.Debandi\.m2\repository\org\springframework\boot\spring-boot-starter-logging\2.5.12\spring-boot-starter-logging-2.5.12.jar;C:\Users\Guido.Debandi\.m2\repository\ch\qos\logback\logback-classic\1.2.11\logback-classic-1.2.11.jar;C:\Users\Guido.Debandi\.m2\repository\ch\qos\logback\logback-core\1.2.11\logback-core-1.2.11.jar;C:\Users\Guido.Debandi\.m2\repository\org\apache\logging\log4j\log4j-to-slf4j\2.17.2\log4j-to-slf4j-2.17.2.jar;C:\Users\Guido.Debandi\.m2\repository\org\apache\logging\log4j\log4j-api\2.17.2\log4j-api-2.17.2.jar;C:\Users\Guido.Debandi\.m2\repository\org\slf4j\jul-to-slf4j\1.7.36\jul-to-slf4j-1.7.36.jar;C:\Users\Guido.Debandi\.m2\repository\jakarta\annotation\jakarta.annotation-api\1.3.5\jakarta.annotation-api-1.3.5.jar;C:\Users\Guido.Debandi\.m2\repository\org\yaml\snakeyaml\1.28\snakeyaml-1.28.jar;C:\Users\Guido.Debandi\.m2\repository\org\springframework\boot\spring-boot-starter-json\2.5.12\spring-boot-starter-json-2.5.12.jar;C:\Users\Guido.Debandi\.m2\repository\com\fasterxml\jackson\core\jackson-databind\2.12.6.1\jackson-databind-2.12.6.1.jar;C:\Users\Guido.Debandi\.m2\repository\com\fasterxml\jackson\core\jackson-annotations\2.12.6\jackson-annotations-2.12.6.jar;C:\Users\Guido.Debandi\.m2\repository\com\fasterxml\jackson\core\jackson-core\2.12.6\jackson-core-2.12.6.jar;C:\Users\Guido.Debandi\.m2\repository\com\fasterxml\jackson\datatype\jackson-datatype-jdk8\2.12.6\jackson-datatype-jdk8-2.12.6.jar;C:\Users\Guido.Debandi\.m2\repository\com\fasterxml\jackson\datatype\jackson-datatype-jsr310\2.12.6\jackson-datatype-jsr310-2.12.6.jar;C:\Users\Guido.Debandi\.m2\repository\com\fasterxml\jackson\module\jackson-module-parameter-names\2.12.6\jackson-module-parameter-names-2.12.6.jar;C:\Users\Guido.Debandi\.m2\repository\org\springframework\boot\spring-boot-starter-tomcat\2.5.12\spring-boot-starter-tomcat-2.5.12.jar;C:\Users\Guido.Debandi\.m2\repository\org\apache\tomcat\embed\tomcat-embed-core\9.0.60\tomcat-embed-core-9.0.60.jar;C:\Users\Guido.Debandi\.m2\repository\org\apache\tomcat\embed\tomcat-embed-el\9.0.60\tomcat-embed-el-9.0.60.jar;C:\Users\Guido.Debandi\.m2\repository\org\apache\tomcat\embed\tomcat-embed-websocket\9.0.60\tomcat-embed-websocket-9.0.60.jar;C:\Users\Guido.Debandi\.m2\repository\org\springframework\spring-web\5.3.18\spring-web-5.3.18.jar;C:\Users\Guido.Debandi\.m2\repository\org\springframework\spring-beans\5.3.18\spring-beans-5.3.18.jar;C:\Users\Guido.Debandi\.m2\repository\org\springframework\spring-webmvc\5.3.18\spring-webmvc-5.3.18.jar;C:\Users\Guido.Debandi\.m2\repository\org\springframework\spring-aop\5.3.18\spring-aop-5.3.18.jar;C:\Users\Guido.Debandi\.m2\repository\org\springframework\spring-context\5.3.18\spring-context-5.3.18.jar;C:\Users\Guido.Debandi\.m2\repository\org\springframework\spring-expression\5.3.18\spring-expression-5.3.18.jar;C:\Users\Guido.Debandi\.m2\repository\org\springframework\cloud\spring-cloud-starter-netflix-eureka-server\3.0.5\spring-cloud-starter-netflix-eureka-server-3.0.5.jar;C:\Users\Guido.Debandi\.m2\repository\org\springframework\cloud\spring-cloud-starter\3.0.5\spring-cloud-starter-3.0.5.jar;C:\Users\Guido.Debandi\.m2\repository\org\springframework\cloud\spring-cloud-context\3.0.5\spring-cloud-context-3.0.5.jar;C:\Users\Guido.Debandi\.m2\repository\org\springframework\security\spring-security-crypto\5.5.5\spring-security-crypto-5.5.5.jar;C:\Users\Guido.Debandi\.m2\repository\org\springframework\cloud\spring-cloud-commons\3.0.5\spring-cloud-commons-3.0.5.jar;C:\Users\Guido.Debandi\.m2\repository\org\springframework\security\spring-security-rsa\1.0.10.RELEASE\spring-security-rsa-1.0.10.RELEASE.jar;C:\Users\Guido.Debandi\.m2\repository\org\bouncycastle\bcpkix-jdk15on\1.68\bcpkix-jdk15on-1.68.jar;C:\Users\Guido.Debandi\.m2\repository\org\bouncycastle\bcprov-jdk15on\1.68\bcprov-jdk15on-1.68.jar;C:\Users\Guido.Debandi\.m2\repository\org\springframework\cloud\spring-cloud-netflix-eureka-server\3.0.5\spring-cloud-netflix-eureka-server-3.0.5.jar;C:\Users\Guido.Debandi\.m2\repository\org\springframework\boot\spring-boot-starter-freemarker\2.5.12\spring-boot-starter-freemarker-2.5.12.jar;C:\Users\Guido.Debandi\.m2\repository\org\freemarker\freemarker\2.3.31\freemarker-2.3.31.jar;C:\Users\Guido.Debandi\.m2\repository\org\springframework\spring-context-support\5.3.18\spring-context-support-5.3.18.jar;C:\Users\Guido.Debandi\.m2\repository\org\springframework\cloud\spring-cloud-netflix-eureka-client\3.0.5\spring-cloud-netflix-eureka-client-3.0.5.jar;C:\Users\Guido.Debandi\.m2\repository\com\netflix\eureka\eureka-client\1.10.17\eureka-client-1.10.17.jar;C:\Users\Guido.Debandi\.m2\repository\com\netflix\netflix-commons\netflix-eventbus\0.3.0\netflix-eventbus-0.3.0.jar;C:\Users\Guido.Debandi\.m2\repository\com\netflix\netflix-commons\netflix-infix\0.3.0\netflix-infix-0.3.0.jar;C:\Users\Guido.Debandi\.m2\repository\commons-jxpath\commons-jxpath\1.3\commons-jxpath-1.3.jar;C:\Users\Guido.Debandi\.m2\repository\joda-time\joda-time\2.3\joda-time-2.3.jar;C:\Users\Guido.Debandi\.m2\repository\org\antlr\antlr-runtime\3.4\antlr-runtime-3.4.jar;C:\Users\Guido.Debandi\.m2\repository\org\antlr\stringtemplate\3.2.1\stringtemplate-3.2.1.jar;C:\Users\Guido.Debandi\.m2\repository\antlr\antlr\2.7.7\antlr-2.7.7.jar;C:\Users\Guido.Debandi\.m2\repository\com\google\code\gson\gson\2.8.9\gson-2.8.9.jar;C:\Users\Guido.Debandi\.m2\repository\org\apache\commons\commons-math\2.2\commons-math-2.2.jar;C:\Users\Guido.Debandi\.m2\repository\com\thoughtworks\xstream\xstream\1.4.18\xstream-1.4.18.jar;C:\Users\Guido.Debandi\.m2\repository\io\github\x-stream\mxparser\1.2.2\mxparser-1.2.2.jar;C:\Users\Guido.Debandi\.m2\repository\xmlpull\xmlpull\1.1.3.1\xmlpull-1.1.3.1.jar;C:\Users\Guido.Debandi\.m2\repository\javax\ws\rs\jsr311-api\1.1.1\jsr311-api-1.1.1.jar;C:\Users\Guido.Debandi\.m2\repository\com\netflix\servo\servo-core\0.12.21\servo-core-0.12.21.jar;C:\Users\Guido.Debandi\.m2\repository\com\google\guava\guava\19.0\guava-19.0.jar;C:\Users\Guido.Debandi\.m2\repository\com\sun\jersey\jersey-core\1.19.1\jersey-core-1.19.1.jar;C:\Users\Guido.Debandi\.m2\repository\com\sun\jersey\contribs\jersey-apache-client4\1.19.1\jersey-apache-client4-1.19.1.jar;C:\Users\Guido.Debandi\.m2\repository\org\apache\httpcomponents\httpclient\4.5.13\httpclient-4.5.13.jar;C:\Users\Guido.Debandi\.m2\repository\org\apache\httpcomponents\httpcore\4.4.15\httpcore-4.4.15.jar;C:\Users\Guido.Debandi\.m2\repository\commons-codec\commons-codec\1.15\commons-codec-1.15.jar;C:\Users\Guido.Debandi\.m2\repository\commons-configuration\commons-configuration\1.10\commons-configuration-1.10.jar;C:\Users\Guido.Debandi\.m2\repository\commons-lang\commons-lang\2.6\commons-lang-2.6.jar;C:\Users\Guido.Debandi\.m2\repository\com\google\inject\guice\4.1.0\guice-4.1.0.jar;C:\Users\Guido.Debandi\.m2\repository\aopalliance\aopalliance\1.0\aopalliance-1.0.jar;C:\Users\Guido.Debandi\.m2\repository\org\codehaus\jettison\jettison\1.4.0\jettison-1.4.0.jar;C:\Users\Guido.Debandi\.m2\repository\com\sun\jersey\jersey-servlet\1.19.4\jersey-servlet-1.19.4.jar;C:\Users\Guido.Debandi\.m2\repository\com\sun\jersey\jersey-server\1.19.4\jersey-server-1.19.4.jar;C:\Users\Guido.Debandi\.m2\repository\com\sun\jersey\jersey-client\1.19.4\jersey-client-1.19.4.jar;C:\Users\Guido.Debandi\.m2\repository\com\netflix\eureka\eureka-core\1.10.17\eureka-core-1.10.17.jar;C:\Users\Guido.Debandi\.m2\repository\com\fasterxml\woodstox\woodstox-core\6.2.1\woodstox-core-6.2.1.jar;C:\Users\Guido.Debandi\.m2\repository\javax\inject\javax.inject\1\javax.inject-1.jar;C:\Users\Guido.Debandi\.m2\repository\com\fasterxml\jackson\dataformat\jackson-dataformat-xml\2.12.6\jackson-dataformat-xml-2.12.6.jar;C:\Users\Guido.Debandi\.m2\repository\com\fasterxml\jackson\module\jackson-module-jaxb-annotations\2.12.6\jackson-module-jaxb-annotations-2.12.6.jar;C:\Users\Guido.Debandi\.m2\repository\org\codehaus\woodstox\stax2-api\4.2.1\stax2-api-4.2.1.jar;C:\Users\Guido.Debandi\.m2\repository\org\springframework\cloud\spring-cloud-starter-loadbalancer\3.0.5\spring-cloud-starter-loadbalancer-3.0.5.jar;C:\Users\Guido.Debandi\.m2\repository\org\springframework\cloud\spring-cloud-loadbalancer\3.0.5\spring-cloud-loadbalancer-3.0.5.jar;C:\Users\Guido.Debandi\.m2\repository\io\projectreactor\reactor-core\3.4.16\reactor-core-3.4.16.jar;C:\Users\Guido.Debandi\.m2\repository\org\reactivestreams\reactive-streams\1.0.3\reactive-streams-1.0.3.jar;C:\Users\Guido.Debandi\.m2\repository\io\projectreactor\addons\reactor-extra\3.4.7\reactor-extra-3.4.7.jar;C:\Users\Guido.Debandi\.m2\repository\org\springframework\boot\spring-boot-starter-cache\2.5.12\spring-boot-starter-cache-2.5.12.jar;C:\Users\Guido.Debandi\.m2\repository\com\stoyanr\evictor\1.0.0\evictor-1.0.0.jar;C:\Users\Guido.Debandi\.m2\repository\org\glassfish\jaxb\jaxb-runtime\2.3.6\jaxb-runtime-2.3.6.jar;C:\Users\Guido.Debandi\.m2\repository\org\glassfish\jaxb\txw2\2.3.6\txw2-2.3.6.jar;C:\Users\Guido.Debandi\.m2\repository\com\sun\istack\istack-commons-runtime\3.0.12\istack-commons-runtime-3.0.12.jar;C:\Users\Guido.Debandi\.m2\repository\com\sun\activation\jakarta.activation\1.2.2\jakarta.activation-1.2.2.jar;C:\Users\Guido.Debandi\.m2\repository\org\springframework\cloud\spring-cloud-starter-task\2.3.5\spring-cloud-starter-task-2.3.5.jar;C:\Users\Guido.Debandi\.m2\repository\org\springframework\cloud\spring-cloud-task-core\2.3.5\spring-cloud-task-core-2.3.5.jar;C:\Users\Guido.Debandi\.m2\repository\org\springframework\cloud\spring-cloud-deployer-autoconfigure\2.5.2\spring-cloud-deployer-autoconfigure-2.5.2.jar;C:\Users\Guido.Debandi\.m2\repository\org\springframework\cloud\spring-cloud-deployer-resource-support\2.5.2\spring-cloud-deployer-resource-support-2.5.2.jar;C:\Users\Guido.Debandi\.m2\repository\org\springframework\spring-jdbc\5.3.18\spring-jdbc-5.3.18.jar;C:\Users\Guido.Debandi\.m2\repository\org\springframework\spring-tx\5.3.18\spring-tx-5.3.18.jar;C:\Users\Guido.Debandi\.m2\repository\org\springframework\batch\spring-batch-infrastructure\4.3.5\spring-batch-infrastructure-4.3.5.jar;C:\Users\Guido.Debandi\.m2\repository\org\springframework\retry\spring-retry\1.3.2\spring-retry-1.3.2.jar;C:\Users\Guido.Debandi\.m2\repository\org\springframework\data\spring-data-commons\2.5.10\spring-data-commons-2.5.10.jar;C:\Users\Guido.Debandi\.m2\repository\io\micrometer\micrometer-core\1.7.10\micrometer-core-1.7.10.jar;C:\Users\Guido.Debandi\.m2\repository\org\hdrhistogram\HdrHistogram\2.1.12\HdrHistogram-2.1.12.jar;C:\Users\Guido.Debandi\.m2\repository\org\latencyutils\LatencyUtils\2.0.3\LatencyUtils-2.0.3.jar;C:\Users\Guido.Debandi\.m2\repository\org\springframework\cloud\spring-cloud-task-batch\2.3.5\spring-cloud-task-batch-2.3.5.jar;C:\Users\Guido.Debandi\.m2\repository\org\springframework\cloud\spring-cloud-task-stream\2.3.5\spring-cloud-task-stream-2.3.5.jar;C:\Users\Guido.Debandi\.m2\repository\org\springframework\cloud\spring-cloud-deployer-spi\2.5.2\spring-cloud-deployer-spi-2.5.2.jar;C:\Users\Guido.Debandi\.m2\repository\org\springframework\boot\spring-boot-starter-test\2.5.12\spring-boot-starter-test-2.5.12.jar;C:\Users\Guido.Debandi\.m2\repository\org\springframework\boot\spring-boot-test\2.5.12\spring-boot-test-2.5.12.jar;C:\Users\Guido.Debandi\.m2\repository\org\springframework\boot\spring-boot-test-autoconfigure\2.5.12\spring-boot-test-autoconfigure-2.5.12.jar;C:\Users\Guido.Debandi\.m2\repository\com\jayway\jsonpath\json-path\2.5.0\json-path-2.5.0.jar;C:\Users\Guido.Debandi\.m2\repository\net\minidev\json-smart\2.4.8\json-smart-2.4.8.jar;C:\Users\Guido.Debandi\.m2\repository\net\minidev\accessors-smart\2.4.8\accessors-smart-2.4.8.jar;C:\Users\Guido.Debandi\.m2\repository\org\ow2\asm\asm\9.1\asm-9.1.jar;C:\Users\Guido.Debandi\.m2\repository\org\slf4j\slf4j-api\1.7.36\slf4j-api-1.7.36.jar;C:\Users\Guido.Debandi\.m2\repository\jakarta\xml\bind\jakarta.xml.bind-api\2.3.3\jakarta.xml.bind-api-2.3.3.jar;C:\Users\Guido.Debandi\.m2\repository\jakarta\activation\jakarta.activation-api\1.2.2\jakarta.activation-api-1.2.2.jar;C:\Users\Guido.Debandi\.m2\repository\org\assertj\assertj-core\3.19.0\assertj-core-3.19.0.jar;C:\Users\Guido.Debandi\.m2\repository\org\hamcrest\hamcrest\2.2\hamcrest-2.2.jar;C:\Users\Guido.Debandi\.m2\repository\org\junit\jupiter\junit-jupiter\5.7.2\junit-jupiter-5.7.2.jar;C:\Users\Guido.Debandi\.m2\repository\org\junit\jupiter\junit-jupiter-api\5.7.2\junit-jupiter-api-5.7.2.jar;C:\Users\Guido.Debandi\.m2\repository\org\apiguardian\apiguardian-api\1.1.0\apiguardian-api-1.1.0.jar;C:\Users\Guido.Debandi\.m2\repository\org\opentest4j\opentest4j\1.2.0\opentest4j-1.2.0.jar;C:\Users\Guido.Debandi\.m2\repository\org\junit\platform\junit-platform-commons\1.7.2\junit-platform-commons-1.7.2.jar;C:\Users\Guido.Debandi\.m2\repository\org\junit\jupiter\junit-jupiter-params\5.7.2\junit-jupiter-params-5.7.2.jar;C:\Users\Guido.Debandi\.m2\repository\org\junit\jupiter\junit-jupiter-engine\5.7.2\junit-jupiter-engine-5.7.2.jar;C:\Users\Guido.Debandi\.m2\repository\org\junit\platform\junit-platform-engine\1.7.2\junit-platform-engine-1.7.2.jar;C:\Users\Guido.Debandi\.m2\repository\org\mockito\mockito-core\3.9.0\mockito-core-3.9.0.jar;C:\Users\Guido.Debandi\.m2\repository\net\bytebuddy\byte-buddy\1.10.22\byte-buddy-1.10.22.jar;C:\Users\Guido.Debandi\.m2\repository\net\bytebuddy\byte-buddy-agent\1.10.22\byte-buddy-agent-1.10.22.jar;C:\Users\Guido.Debandi\.m2\repository\org\objenesis\objenesis\3.2\objenesis-3.2.jar;C:\Users\Guido.Debandi\.m2\repository\org\mockito\mockito-junit-jupiter\3.9.0\mockito-junit-jupiter-3.9.0.jar;C:\Users\Guido.Debandi\.m2\repository\org\skyscreamer\jsonassert\1.5.0\jsonassert-1.5.0.jar;C:\Users\Guido.Debandi\.m2\repository\com\vaadin\external\google\android-json\0.0.20131108.vaadin1\android-json-0.0.20131108.vaadin1.jar;C:\Users\Guido.Debandi\.m2\repository\org\springframework\spring-core\5.3.18\spring-core-5.3.18.jar;C:\Users\Guido.Debandi\.m2\repository\org\springframework\spring-jcl\5.3.18\spring-jcl-5.3.18.jar;C:\Users\Guido.Debandi\.m2\repository\org\springframework\spring-test\5.3.18\spring-test-5.3.18.jar;C:\Users\Guido.Debandi\.m2\repository\org\xmlunit\xmlunit-core\2.8.4\xmlunit-core-2.8.4.jar;"/>
    <property name="sun.cpu.endian" value="little"/>
    <property name="user.home" value="C:\Users\Guido.Debandi"/>
    <property name="user.language" value="en"/>
    <property name="java.specification.vendor" value="Oracle Corporation"/>
    <property name="java.version.date" value="2021-10-19"/>
    <property name="java.home" value="C:\Talent Engine\app\sts-4.13.0.RELEASE\plugins\org.eclipse.justj.openjdk.hotspot.jre.full.win32.x86_64_17.0.1.v20211116-1657\jre"/>
    <property name="file.separator" value="\"/>
    <property name="style.color" value="always"/>
    <property name="basedir" value="C:\Users\Guido.Debandi\Desktop\Cisne\service-discovery"/>
    <property name="java.vm.compressedOopsMode" value="Zero based"/>
    <property name="line.separator" value="&#10;"/>
    <property name="java.vm.specification.vendor" value="Oracle Corporation"/>
    <property name="java.specification.name" value="Java Platform API Specification"/>
    <property name="surefire.real.class.path" value="C:\Users\GUIDO~1.DEB\AppData\Local\Temp\surefire15899292976492091091\surefirebooter8397620158264095171.jar"/>
    <property name="user.script" value=""/>
    <property name="sun.management.compiler" value="HotSpot 64-Bit Tiered Compilers"/>
    <property name="java.runtime.version" value="17.0.1+12"/>
    <property name="user.name" value="guido.debandi"/>
    <property name="path.separator" value=";"/>
    <property name="os.version" value="10.0"/>
    <property name="java.runtime.name" value="OpenJDK Runtime Environment"/>
    <property name="file.encoding" value="Cp1252"/>
    <property name="java.vm.name" value="OpenJDK 64-Bit Server VM"/>
    <property name="java.vendor.version" value="Temurin-17.0.1+12"/>
    <property name="localRepository" value="C:\Users\Guido.Debandi\.m2\repository"/>
    <property name="java.vendor.url.bug" value="https://github.com/adoptium/adoptium-support/issues"/>
    <property name="java.io.tmpdir" value="C:\Users\GUIDO~1.DEB\AppData\Local\Temp\"/>
    <property name="java.version" value="17.0.1"/>
    <property name="user.dir" value="C:\Users\Guido.Debandi\Desktop\Cisne\service-discovery"/>
    <property name="os.arch" value="amd64"/>
    <property name="java.vm.specification.name" value="Java Virtual Machine Specification"/>
    <property name="user.language.format" value="es"/>
    <property name="sun.os.patch.level" value=""/>
    <property name="native.encoding" value="Cp1252"/>
    <property name="java.library.path" value="C:\Talent Engine\app\sts-4.13.0.RELEASE\plugins\org.eclipse.justj.openjdk.hotspot.jre.full.win32.x86_64_17.0.1.v20211116-1657\jre\bin;C:\Windows\Sun\Java\bin;C:\Windows\system32;C:\Windows;C:/Talent Engine/app/sts-4.13.0.RELEASE//plugins/org.eclipse.justj.openjdk.hotspot.jre.full.win32.x86_64_17.0.1.v20211116-1657/jre/bin/server;C:/Talent Engine/app/sts-4.13.0.RELEASE//plugins/org.eclipse.justj.openjdk.hotspot.jre.full.win32.x86_64_17.0.1.v20211116-1657/jre/bin;C:\Program Files (x86)\Common Files\Oracle\Java\javapath;C:\Windows\system32;C:\Windows;C:\Windows\System32\Wbem;C:\Windows\System32\WindowsPowerShell\v1.0\;C:\Windows\System32\OpenSSH\;C:\Talent Engine\app\Git\cmd;C:\Program Files\Docker\Docker\resources\bin;C:\ProgramData\DockerDesktop\version-bin;C:\Users\Guido.Debandi\AppData\Local\Microsoft\WindowsApps;C:\Program Files\JetBrains\IntelliJ IDEA Community Edition 2021.3.2\bin;;C:\Talent Engine\app\Java\bin;C:\Talent Engine\app\apache-maven-3.6.3\bin;;C:\Talent Engine\app\sts-4.13.0.RELEASE;;."/>
    <property name="java.vm.info" value="mixed mode"/>
    <property name="java.vendor" value="Eclipse Adoptium"/>
    <property name="java.vm.version" value="17.0.1+12"/>
    <property name="sun.io.unicode.encoding" value="UnicodeLittle"/>
    <property name="java.class.version" value="61.0"/>
  </properties>
  <testcase name="contextLoads" classname="com.servicediscovery.ServiceDiscoveryApplicationTests" time="2.63"/>
</testsuite>